  [1m[36m (15.3ms)[0m  [1mCREATE TABLE "schema_migrations" ("version" varchar(255) NOT NULL) [0m
  [1m[35m (15.1ms)[0m  CREATE UNIQUE INDEX "unique_schema_migrations" ON "schema_migrations" ("version")
  [1m[36mActiveRecord::SchemaMigration Load (3.7ms)[0m  [1mSELECT "schema_migrations".* FROM "schema_migrations"[0m
Migrating to CreateUsers (20130711175929)
  [1m[35m (0.2ms)[0m  begin transaction
  [1m[36m (9.7ms)[0m  [1mCREATE TABLE "users" ("id" INTEGER PRIMARY KEY AUTOINCREMENT NOT NULL, "created_at" datetime, "updated_at" datetime) [0m
  [1m[35mSQL (1.9ms)[0m  INSERT INTO "schema_migrations" ("version") VALUES (?)  [["version", "20130711175929"]]
  [1m[36m (6.9ms)[0m  [1mcommit transaction[0m
Migrating to AddDeviseToUsers (20130711180125)
  [1m[35m (0.3ms)[0m  begin transaction
  [1m[36m (8.5ms)[0m  [1mALTER TABLE "users" ADD "email" varchar(255) DEFAULT '' NOT NULL[0m
  [1m[35m (0.3ms)[0m  ALTER TABLE "users" ADD "encrypted_password" varchar(255) DEFAULT '' NOT NULL
  [1m[36m (0.3ms)[0m  [1mALTER TABLE "users" ADD "reset_password_token" varchar(255)[0m
  [1m[35m (0.4ms)[0m  ALTER TABLE "users" ADD "reset_password_sent_at" datetime
  [1m[36m (0.4ms)[0m  [1mALTER TABLE "users" ADD "remember_created_at" datetime[0m
  [1m[35m (0.6ms)[0m  ALTER TABLE "users" ADD "sign_in_count" integer DEFAULT 0
  [1m[36m (0.4ms)[0m  [1mALTER TABLE "users" ADD "current_sign_in_at" datetime[0m
  [1m[35m (0.3ms)[0m  ALTER TABLE "users" ADD "last_sign_in_at" datetime
  [1m[36m (0.4ms)[0m  [1mALTER TABLE "users" ADD "current_sign_in_ip" varchar(255)[0m
  [1m[35m (0.3ms)[0m  ALTER TABLE "users" ADD "last_sign_in_ip" varchar(255)
  [1m[36m (13.7ms)[0m  [1mCREATE UNIQUE INDEX "index_users_on_email" ON "users" ("email")[0m
  [1m[35m (0.4ms)[0m  CREATE UNIQUE INDEX "index_users_on_reset_password_token" ON "users" ("reset_password_token")
  [1m[36mSQL (2.7ms)[0m  [1mINSERT INTO "schema_migrations" ("version") VALUES (?)[0m  [["version", "20130711180125"]]
  [1m[35m (6.1ms)[0m  commit transaction
Migrating to CreateLocations (20130712165732)
  [1m[36m (0.2ms)[0m  [1mbegin transaction[0m
  [1m[35m (10.7ms)[0m  CREATE TABLE "locations" ("id" INTEGER PRIMARY KEY AUTOINCREMENT NOT NULL, "title" varchar(255), "latitude" float, "longitude" float, "created_at" datetime, "updated_at" datetime) 
  [1m[36mSQL (2.4ms)[0m  [1mINSERT INTO "schema_migrations" ("version") VALUES (?)[0m  [["version", "20130712165732"]]
  [1m[35m (8.1ms)[0m  commit transaction
Migrating to CreateEntries (20130712171750)
  [1m[36m (0.3ms)[0m  [1mbegin transaction[0m
  [1m[35m (10.0ms)[0m  CREATE TABLE "entries" ("id" INTEGER PRIMARY KEY AUTOINCREMENT NOT NULL, "title" varchar(255), "message" text, "image" varchar(255), "created_at" datetime, "updated_at" datetime) 
  [1m[36mSQL (2.9ms)[0m  [1mINSERT INTO "schema_migrations" ("version") VALUES (?)[0m  [["version", "20130712171750"]]
  [1m[35m (8.4ms)[0m  commit transaction
Migrating to AddTypeToEntries (20130712174218)
  [1m[36m (0.2ms)[0m  [1mbegin transaction[0m
  [1m[35m (11.3ms)[0m  ALTER TABLE "entries" ADD "type" varchar(255)
  [1m[36mSQL (3.0ms)[0m  [1mINSERT INTO "schema_migrations" ("version") VALUES (?)[0m  [["version", "20130712174218"]]
  [1m[35m (8.2ms)[0m  commit transaction
  [1m[36mActiveRecord::SchemaMigration Load (5.0ms)[0m  [1mSELECT "schema_migrations".* FROM "schema_migrations"[0m
  [1m[36mActiveRecord::SchemaMigration Load (4.3ms)[0m  [1mSELECT "schema_migrations".* FROM "schema_migrations"[0m
Migrating to CreateTags (20130712174908)
  [1m[35m (0.2ms)[0m  begin transaction
  [1m[36m (10.5ms)[0m  [1mCREATE TABLE "tags" ("id" INTEGER PRIMARY KEY AUTOINCREMENT NOT NULL, "title" varchar(255), "created_at" datetime, "updated_at" datetime) [0m
  [1m[35mSQL (2.5ms)[0m  INSERT INTO "schema_migrations" ("version") VALUES (?)  [["version", "20130712174908"]]
  [1m[36m (11.9ms)[0m  [1mcommit transaction[0m
  [1m[35mActiveRecord::SchemaMigration Load (4.9ms)[0m  SELECT "schema_migrations".* FROM "schema_migrations"


Started GET "/" for 10.0.2.2 at 2013-07-12 18:14:43 +0000
Processing by UsersController#index as HTML
Completed 401 Unauthorized in 280ms


Started GET "/login" for 10.0.2.2 at 2013-07-12 18:14:44 +0000
Processing by Devise::SessionsController#new as HTML
  Rendered devise/shared/_links.erb (3.4ms)
  Rendered devise/sessions/new.html.erb within layouts/application (452.5ms)
Completed 200 OK in 8054ms (Views: 7938.0ms | ActiveRecord: 4.3ms)


Started GET "/users/sign_up" for 10.0.2.2 at 2013-07-12 18:16:03 +0000
Processing by Devise::RegistrationsController#new as HTML
  Rendered devise/shared/_links.erb (1.2ms)
  Rendered devise/registrations/new.html.erb within layouts/application (74.7ms)
Completed 200 OK in 425ms (Views: 419.9ms | ActiveRecord: 0.0ms)


Started POST "/users" for 10.0.2.2 at 2013-07-12 18:16:37 +0000
Processing by Devise::RegistrationsController#create as HTML
  Parameters: {"utf8"=>"✓", "authenticity_token"=>"ojO91V5J4Sn2kq1w0FW96N1MtbVnYVQMeFmcmwapsoQ=", "user"=>{"email"=>"aarongertler@yahoo.com", "password"=>"[FILTERED]", "password_confirmation"=>"[FILTERED]"}, "commit"=>"Sign up"}
  [1m[36m (0.2ms)[0m  [1mbegin transaction[0m
  [1m[35mUser Exists (5.0ms)[0m  SELECT 1 AS one FROM "users" WHERE "users"."email" = 'aarongertler@yahoo.com' LIMIT 1
Binary data inserted for `string` type on column `encrypted_password`
  [1m[36mSQL (134.9ms)[0m  [1mINSERT INTO "users" ("created_at", "email", "encrypted_password", "updated_at") VALUES (?, ?, ?, ?)[0m  [["created_at", Fri, 12 Jul 2013 18:16:37 UTC +00:00], ["email", "aarongertler@yahoo.com"], ["encrypted_password", "$2a$10$K1oRNq9KHzPv7djE42soI.ooYKLZcL8Ao0OFolTp8CWw5X6w9Xa1O"], ["updated_at", Fri, 12 Jul 2013 18:16:37 UTC +00:00]]
  [1m[35m (13.5ms)[0m  commit transaction
  [1m[36m (0.2ms)[0m  [1mbegin transaction[0m
Binary data inserted for `string` type on column `last_sign_in_ip`
Binary data inserted for `string` type on column `current_sign_in_ip`
  [1m[35mSQL (17.4ms)[0m  UPDATE "users" SET "last_sign_in_at" = ?, "current_sign_in_at" = ?, "last_sign_in_ip" = ?, "current_sign_in_ip" = ?, "sign_in_count" = ?, "updated_at" = ? WHERE "users"."id" = 1  [["last_sign_in_at", Fri, 12 Jul 2013 18:16:37 UTC +00:00], ["current_sign_in_at", Fri, 12 Jul 2013 18:16:37 UTC +00:00], ["last_sign_in_ip", "10.0.2.2"], ["current_sign_in_ip", "10.0.2.2"], ["sign_in_count", 1], ["updated_at", Fri, 12 Jul 2013 18:16:37 UTC +00:00]]
  [1m[36m (11.5ms)[0m  [1mcommit transaction[0m
Redirected to http://localhost:3000/
Completed 302 Found in 877ms (ActiveRecord: 182.6ms)


Started GET "/" for 10.0.2.2 at 2013-07-12 18:16:38 +0000
Processing by UsersController#index as HTML
  [1m[35mUser Load (3.8ms)[0m  SELECT "users".* FROM "users" WHERE "users"."id" = 1 ORDER BY "users"."id" ASC LIMIT 1
  [1m[36mUser Load (3.1ms)[0m  [1mSELECT "users".* FROM "users"[0m
  Rendered users/index.html.erb within layouts/application (9.8ms)
Completed 200 OK in 332ms (Views: 283.8ms | ActiveRecord: 6.9ms)


Started GET "/cover/home" for 10.0.2.2 at 2013-07-12 18:17:31 +0000
Processing by CoverController#home as HTML
  [1m[35mUser Load (5.9ms)[0m  SELECT "users".* FROM "users" WHERE "users"."id" = 1 ORDER BY "users"."id" ASC LIMIT 1
  Rendered cover/home.html.erb within layouts/application (0.7ms)
Completed 200 OK in 306ms (Views: 290.7ms | ActiveRecord: 5.9ms)


Started GET "/cover/home" for 10.0.2.2 at 2013-07-12 18:45:51 +0000
Processing by CoverController#home as HTML
  [1m[36mUser Load (3.3ms)[0m  [1mSELECT "users".* FROM "users" WHERE "users"."id" = 1 ORDER BY "users"."id" ASC LIMIT 1[0m
ERROR: compiling _app_views_cover_home_html_erb___789075496_100164170 RAISED /vagrant/lifestor/app/views/cover/home.html.erb:63: syntax error, unexpected keyword_ensure, expecting keyword_end
/vagrant/lifestor/app/views/cover/home.html.erb:65: syntax error, unexpected $end, expecting keyword_end
Function body:           def _app_views_cover_home_html_erb___789075496_100164170(local_assigns, output_buffer)
            _old_virtual_path, @virtual_path = @virtual_path, "cover/home";_old_output_buffer = @output_buffer;;@output_buffer = output_buffer || ActionView::OutputBuffer.new;@output_buffer.safe_append='<h1>Welcome to Lifestor</h1>

Every life is a story worth telling.

Every day is a page worth reading. 

Your memories belong to you. 

But they also belong to your future self. Lifestor gives you the chance to access a treasure chest of memories at any point in your life. Our innovative tagging structure is the world\'s best file cabinet for snapshots, happenings and reflections.

Memories can be wonderful. But over time, they age, and like old-timey photographs, they begin to fade. We replace our memories with shorter and shorter stories, until our lives are a few sentences whispered into the ears of our grandchildren.

With Lifestor, your memories become the story--a story that will never fade, shrink, or shrivel. Tou can share your story with the world, or keep it close to your heart. You can take ownership of your best moments and return to them whenever you\'d like. 

Other points to hit:

-Every life is special
-Here\'s how a typical person might use Lifestor as "memory insurance": ten minutes per day, to save that day forever
-Here\'s how the tagging system works
-Here\'s how the reward system works

<body>
  <div class="navbar navbar-fixed-top">
    <div class="navbar-inner">
      <div class="container">
        <!-- .btn-navbar is used as the toggle for collapsed navbar content -->
        <a class="btn btn-navbar" data-toggle="collapse" data-target=".nav-collapse"> </a>
        
';       if current_user(false) 
@output_buffer.safe_append='          <ul class="nav">
            <div class="nav" style="float:right;">
              <div class="dropdown" style="display:inline-block;margin-right:50px;">
                <a class="dropdown-toggle" close-on-click="false" data-toggle="dropdown" href="#">';@output_buffer.append=( "One Day With Lifestor" );@output_buffer.safe_append=' </a>
                  <ul class="dropdown-menu" role="menu" aria-labelledby="dropdownMenu">
            </li>';@output_buffer.append=( render 'cover/sampleday' );@output_buffer.safe_append='</li>
            <li>';@output_buffer.append=( link_to 'Stream', tweets_path );@output_buffer.safe_append='</li>
            <li>';@output_buffer.append=( link_to '@', notifications_user_path(current_user) );@output_buffer.safe_append='</li>  
          </ul>
          <div class="nav" style="float:right;">
            <div class="dropdown" style="display:inline-block;margin-right:50px;">
                  <a class="dropdown-toggle" close-on-click="false" data-toggle="dropdown" href="#">';@output_buffer.append=( image_tag("yalelogo4.png"));@output_buffer.safe_append='</a>
                    <ul class="dropdown-menu" role="menu" aria-labelledby="dropdownMenu">
                  <li>';@output_buffer.append=( render '/tweets/form' );@output_buffer.safe_append='</li>
                </ul>
              </li>
            </div>
            <div class="dropdown" style="display:inline-block;">
                  <a class="dropdown-toggle" data-toggle="dropdown" href="#">';@output_buffer.append=( image_tag("Slthytove_Gears.png"));@output_buffer.safe_append='</a>
                    <ul class="dropdown-menu" role="menu" aria-labelledby="dropdownMenu">
                  <li>';@output_buffer.append=( link_to 'Profile', edit_user_path(current_user) );@output_buffer.safe_append='</li>
                  <li>';@output_buffer.append=( link_to 'Accounts', users_path );@output_buffer.safe_append=' </li>
                  <li>';@output_buffer.append=( link_to "Logout", log_out_path );@output_buffer.safe_append='</li>
                </ul>
              </li>
            </div>
          </div>
        </div>
        
      </div>
    </div>
  </div>
</body>';@output_buffer.to_s
          ensure
            @virtual_path, @output_buffer = _old_virtual_path, _old_output_buffer
          end

Backtrace: /home/vagrant/.rbenv/versions/1.9.3-p429/lib/ruby/gems/1.9.1/gems/actionpack-4.0.0.rc1/lib/action_view/template.rb:299:in `module_eval'
/home/vagrant/.rbenv/versions/1.9.3-p429/lib/ruby/gems/1.9.1/gems/actionpack-4.0.0.rc1/lib/action_view/template.rb:299:in `compile'
/home/vagrant/.rbenv/versions/1.9.3-p429/lib/ruby/gems/1.9.1/gems/actionpack-4.0.0.rc1/lib/action_view/template.rb:248:in `block in compile!'
<internal:prelude>:10:in `synchronize'
/home/vagrant/.rbenv/versions/1.9.3-p429/lib/ruby/gems/1.9.1/gems/actionpack-4.0.0.rc1/lib/action_view/template.rb:236:in `compile!'
/home/vagrant/.rbenv/versions/1.9.3-p429/lib/ruby/gems/1.9.1/gems/actionpack-4.0.0.rc1/lib/action_view/template.rb:142:in `block in render'
/home/vagrant/.rbenv/versions/1.9.3-p429/lib/ruby/gems/1.9.1/gems/activesupport-4.0.0.rc1/lib/active_support/notifications.rb:161:in `instrument'
/home/vagrant/.rbenv/versions/1.9.3-p429/lib/ruby/gems/1.9.1/gems/actionpack-4.0.0.rc1/lib/action_view/template.rb:141:in `render'
/home/vagrant/.rbenv/versions/1.9.3-p429/lib/ruby/gems/1.9.1/gems/actionpack-4.0.0.rc1/lib/action_view/renderer/template_renderer.rb:49:in `block (2 levels) in render_template'
/home/vagrant/.rbenv/versions/1.9.3-p429/lib/ruby/gems/1.9.1/gems/actionpack-4.0.0.rc1/lib/action_view/renderer/abstract_renderer.rb:38:in `block in instrument'
/home/vagrant/.rbenv/versions/1.9.3-p429/lib/ruby/gems/1.9.1/gems/activesupport-4.0.0.rc1/lib/active_support/notifications.rb:159:in `block in instrument'
/home/vagrant/.rbenv/versions/1.9.3-p429/lib/ruby/gems/1.9.1/gems/activesupport-4.0.0.rc1/lib/active_support/notifications/instrumenter.rb:20:in `instrument'
/home/vagrant/.rbenv/versions/1.9.3-p429/lib/ruby/gems/1.9.1/gems/activesupport-4.0.0.rc1/lib/active_support/notifications.rb:159:in `instrument'
/home/vagrant/.rbenv/versions/1.9.3-p429/lib/ruby/gems/1.9.1/gems/actionpack-4.0.0.rc1/lib/action_view/renderer/abstract_renderer.rb:38:in `instrument'
/home/vagrant/.rbenv/versions/1.9.3-p429/lib/ruby/gems/1.9.1/gems/actionpack-4.0.0.rc1/lib/action_view/renderer/template_renderer.rb:48:in `block in render_template'
/home/vagrant/.rbenv/versions/1.9.3-p429/lib/ruby/gems/1.9.1/gems/actionpack-4.0.0.rc1/lib/action_view/renderer/template_renderer.rb:56:in `render_with_layout'
/home/vagrant/.rbenv/versions/1.9.3-p429/lib/ruby/gems/1.9.1/gems/actionpack-4.0.0.rc1/lib/action_view/renderer/template_renderer.rb:47:in `render_template'
/home/vagrant/.rbenv/versions/1.9.3-p429/lib/ruby/gems/1.9.1/gems/actionpack-4.0.0.rc1/lib/action_view/renderer/template_renderer.rb:17:in `render'
/home/vagrant/.rbenv/versions/1.9.3-p429/lib/ruby/gems/1.9.1/gems/actionpack-4.0.0.rc1/lib/action_view/renderer/renderer.rb:42:in `render_template'
/home/vagrant/.rbenv/versions/1.9.3-p429/lib/ruby/gems/1.9.1/gems/actionpack-4.0.0.rc1/lib/action_view/renderer/renderer.rb:23:in `render'
/home/vagrant/.rbenv/versions/1.9.3-p429/lib/ruby/gems/1.9.1/gems/actionpack-4.0.0.rc1/lib/abstract_controller/rendering.rb:127:in `_render_template'
/home/vagrant/.rbenv/versions/1.9.3-p429/lib/ruby/gems/1.9.1/gems/actionpack-4.0.0.rc1/lib/action_controller/metal/streaming.rb:219:in `_render_template'
/home/vagrant/.rbenv/versions/1.9.3-p429/lib/ruby/gems/1.9.1/gems/actionpack-4.0.0.rc1/lib/abstract_controller/rendering.rb:120:in `render_to_body'
/home/vagrant/.rbenv/versions/1.9.3-p429/lib/ruby/gems/1.9.1/gems/actionpack-4.0.0.rc1/lib/action_controller/metal/rendering.rb:33:in `render_to_body'
/home/vagrant/.rbenv/versions/1.9.3-p429/lib/ruby/gems/1.9.1/gems/actionpack-4.0.0.rc1/lib/action_controller/metal/renderers.rb:26:in `render_to_body'
/home/vagrant/.rbenv/versions/1.9.3-p429/lib/ruby/gems/1.9.1/gems/actionpack-4.0.0.rc1/lib/abstract_controller/rendering.rb:97:in `render'
/home/vagrant/.rbenv/versions/1.9.3-p429/lib/ruby/gems/1.9.1/gems/actionpack-4.0.0.rc1/lib/action_controller/metal/rendering.rb:16:in `render'
/home/vagrant/.rbenv/versions/1.9.3-p429/lib/ruby/gems/1.9.1/gems/actionpack-4.0.0.rc1/lib/action_controller/metal/instrumentation.rb:41:in `block (2 levels) in render'
/home/vagrant/.rbenv/versions/1.9.3-p429/lib/ruby/gems/1.9.1/gems/activesupport-4.0.0.rc1/lib/active_support/core_ext/benchmark.rb:12:in `block in ms'
/home/vagrant/.rbenv/versions/1.9.3-p429/lib/ruby/1.9.1/benchmark.rb:295:in `realtime'
/home/vagrant/.rbenv/versions/1.9.3-p429/lib/ruby/gems/1.9.1/gems/activesupport-4.0.0.rc1/lib/active_support/core_ext/benchmark.rb:12:in `ms'
/home/vagrant/.rbenv/versions/1.9.3-p429/lib/ruby/gems/1.9.1/gems/actionpack-4.0.0.rc1/lib/action_controller/metal/instrumentation.rb:41:in `block in render'
/home/vagrant/.rbenv/versions/1.9.3-p429/lib/ruby/gems/1.9.1/gems/actionpack-4.0.0.rc1/lib/action_controller/metal/instrumentation.rb:84:in `cleanup_view_runtime'
/home/vagrant/.rbenv/versions/1.9.3-p429/lib/ruby/gems/1.9.1/gems/activerecord-4.0.0.rc1/lib/active_record/railties/controller_runtime.rb:25:in `cleanup_view_runtime'
/home/vagrant/.rbenv/versions/1.9.3-p429/lib/ruby/gems/1.9.1/gems/actionpack-4.0.0.rc1/lib/action_controller/metal/instrumentation.rb:40:in `render'
/home/vagrant/.rbenv/versions/1.9.3-p429/lib/ruby/gems/1.9.1/gems/actionpack-4.0.0.rc1/lib/action_controller/metal/implicit_render.rb:10:in `default_render'
/home/vagrant/.rbenv/versions/1.9.3-p429/lib/ruby/gems/1.9.1/gems/actionpack-4.0.0.rc1/lib/action_controller/metal/implicit_render.rb:5:in `send_action'
/home/vagrant/.rbenv/versions/1.9.3-p429/lib/ruby/gems/1.9.1/gems/actionpack-4.0.0.rc1/lib/abstract_controller/base.rb:189:in `process_action'
/home/vagrant/.rbenv/versions/1.9.3-p429/lib/ruby/gems/1.9.1/gems/actionpack-4.0.0.rc1/lib/action_controller/metal/rendering.rb:10:in `process_action'
/home/vagrant/.rbenv/versions/1.9.3-p429/lib/ruby/gems/1.9.1/gems/actionpack-4.0.0.rc1/lib/abstract_controller/callbacks.rb:18:in `block in process_action'
/home/vagrant/.rbenv/versions/1.9.3-p429/lib/ruby/gems/1.9.1/gems/activesupport-4.0.0.rc1/lib/active_support/callbacks.rb:432:in `_run__704420178__process_action__callbacks'
/home/vagrant/.rbenv/versions/1.9.3-p429/lib/ruby/gems/1.9.1/gems/activesupport-4.0.0.rc1/lib/active_support/callbacks.rb:80:in `run_callbacks'
/home/vagrant/.rbenv/versions/1.9.3-p429/lib/ruby/gems/1.9.1/gems/actionpack-4.0.0.rc1/lib/abstract_controller/callbacks.rb:17:in `process_action'
/home/vagrant/.rbenv/versions/1.9.3-p429/lib/ruby/gems/1.9.1/gems/actionpack-4.0.0.rc1/lib/action_controller/metal/rescue.rb:29:in `process_action'
/home/vagrant/.rbenv/versions/1.9.3-p429/lib/ruby/gems/1.9.1/gems/actionpack-4.0.0.rc1/lib/action_controller/metal/instrumentation.rb:31:in `block in process_action'
/home/vagrant/.rbenv/versions/1.9.3-p429/lib/ruby/gems/1.9.1/gems/activesupport-4.0.0.rc1/lib/active_support/notifications.rb:159:in `block in instrument'
/home/vagrant/.rbenv/versions/1.9.3-p429/lib/ruby/gems/1.9.1/gems/activesupport-4.0.0.rc1/lib/active_support/notifications/instrumenter.rb:20:in `instrument'
/home/vagrant/.rbenv/versions/1.9.3-p429/lib/ruby/gems/1.9.1/gems/activesupport-4.0.0.rc1/lib/active_support/notifications.rb:159:in `instrument'
/home/vagrant/.rbenv/versions/1.9.3-p429/lib/ruby/gems/1.9.1/gems/actionpack-4.0.0.rc1/lib/action_controller/metal/instrumentation.rb:30:in `process_action'
/home/vagrant/.rbenv/versions/1.9.3-p429/lib/ruby/gems/1.9.1/gems/actionpack-4.0.0.rc1/lib/action_controller/metal/params_wrapper.rb:245:in `process_action'
/home/vagrant/.rbenv/versions/1.9.3-p429/lib/ruby/gems/1.9.1/gems/activerecord-4.0.0.rc1/lib/active_record/railties/controller_runtime.rb:18:in `process_action'
/home/vagrant/.rbenv/versions/1.9.3-p429/lib/ruby/gems/1.9.1/gems/actionpack-4.0.0.rc1/lib/abstract_controller/base.rb:136:in `process'
/home/vagrant/.rbenv/versions/1.9.3-p429/lib/ruby/gems/1.9.1/gems/actionpack-4.0.0.rc1/lib/abstract_controller/rendering.rb:44:in `process'
/home/vagrant/.rbenv/versions/1.9.3-p429/lib/ruby/gems/1.9.1/gems/actionpack-4.0.0.rc1/lib/action_controller/metal.rb:195:in `dispatch'
/home/vagrant/.rbenv/versions/1.9.3-p429/lib/ruby/gems/1.9.1/gems/actionpack-4.0.0.rc1/lib/action_controller/metal/rack_delegation.rb:13:in `dispatch'
/home/vagrant/.rbenv/versions/1.9.3-p429/lib/ruby/gems/1.9.1/gems/actionpack-4.0.0.rc1/lib/action_controller/metal.rb:231:in `block in action'
/home/vagrant/.rbenv/versions/1.9.3-p429/lib/ruby/gems/1.9.1/gems/actionpack-4.0.0.rc1/lib/action_dispatch/routing/route_set.rb:80:in `call'
/home/vagrant/.rbenv/versions/1.9.3-p429/lib/ruby/gems/1.9.1/gems/actionpack-4.0.0.rc1/lib/action_dispatch/routing/route_set.rb:80:in `dispatch'
/home/vagrant/.rbenv/versions/1.9.3-p429/lib/ruby/gems/1.9.1/gems/actionpack-4.0.0.rc1/lib/action_dispatch/routing/route_set.rb:48:in `call'
/home/vagrant/.rbenv/versions/1.9.3-p429/lib/ruby/gems/1.9.1/gems/actionpack-4.0.0.rc1/lib/action_dispatch/journey/router.rb:71:in `block in call'
/home/vagrant/.rbenv/versions/1.9.3-p429/lib/ruby/gems/1.9.1/gems/actionpack-4.0.0.rc1/lib/action_dispatch/journey/router.rb:59:in `each'
/home/vagrant/.rbenv/versions/1.9.3-p429/lib/ruby/gems/1.9.1/gems/actionpack-4.0.0.rc1/lib/action_dispatch/journey/router.rb:59:in `call'
/home/vagrant/.rbenv/versions/1.9.3-p429/lib/ruby/gems/1.9.1/gems/actionpack-4.0.0.rc1/lib/action_dispatch/routing/route_set.rb:654:in `call'
/home/vagrant/.rbenv/versions/1.9.3-p429/lib/ruby/gems/1.9.1/gems/warden-1.2.1/lib/warden/manager.rb:35:in `block in call'
/home/vagrant/.rbenv/versions/1.9.3-p429/lib/ruby/gems/1.9.1/gems/warden-1.2.1/lib/warden/manager.rb:34:in `catch'
/home/vagrant/.rbenv/versions/1.9.3-p429/lib/ruby/gems/1.9.1/gems/warden-1.2.1/lib/warden/manager.rb:34:in `call'
/home/vagrant/.rbenv/versions/1.9.3-p429/lib/ruby/gems/1.9.1/gems/rack-1.5.2/lib/rack/etag.rb:23:in `call'
/home/vagrant/.rbenv/versions/1.9.3-p429/lib/ruby/gems/1.9.1/gems/rack-1.5.2/lib/rack/conditionalget.rb:25:in `call'
/home/vagrant/.rbenv/versions/1.9.3-p429/lib/ruby/gems/1.9.1/gems/rack-1.5.2/lib/rack/head.rb:11:in `call'
/home/vagrant/.rbenv/versions/1.9.3-p429/lib/ruby/gems/1.9.1/gems/actionpack-4.0.0.rc1/lib/action_dispatch/middleware/params_parser.rb:27:in `call'
/home/vagrant/.rbenv/versions/1.9.3-p429/lib/ruby/gems/1.9.1/gems/actionpack-4.0.0.rc1/lib/action_dispatch/middleware/flash.rb:241:in `call'
/home/vagrant/.rbenv/versions/1.9.3-p429/lib/ruby/gems/1.9.1/gems/rack-1.5.2/lib/rack/session/abstract/id.rb:225:in `context'
/home/vagrant/.rbenv/versions/1.9.3-p429/lib/ruby/gems/1.9.1/gems/rack-1.5.2/lib/rack/session/abstract/id.rb:220:in `call'
/home/vagrant/.rbenv/versions/1.9.3-p429/lib/ruby/gems/1.9.1/gems/actionpack-4.0.0.rc1/lib/action_dispatch/middleware/cookies.rb:486:in `call'
/home/vagrant/.rbenv/versions/1.9.3-p429/lib/ruby/gems/1.9.1/gems/activerecord-4.0.0.rc1/lib/active_record/query_cache.rb:36:in `call'
/home/vagrant/.rbenv/versions/1.9.3-p429/lib/ruby/gems/1.9.1/gems/activerecord-4.0.0.rc1/lib/active_record/connection_adapters/abstract/connection_pool.rb:626:in `call'
/home/vagrant/.rbenv/versions/1.9.3-p429/lib/ruby/gems/1.9.1/gems/activerecord-4.0.0.rc1/lib/active_record/migration.rb:366:in `call'
/home/vagrant/.rbenv/versions/1.9.3-p429/lib/ruby/gems/1.9.1/gems/actionpack-4.0.0.rc1/lib/action_dispatch/middleware/callbacks.rb:29:in `block in call'
/home/vagrant/.rbenv/versions/1.9.3-p429/lib/ruby/gems/1.9.1/gems/activesupport-4.0.0.rc1/lib/active_support/callbacks.rb:392:in `_run__660635615__call__callbacks'
/home/vagrant/.rbenv/versions/1.9.3-p429/lib/ruby/gems/1.9.1/gems/activesupport-4.0.0.rc1/lib/active_support/callbacks.rb:80:in `run_callbacks'
/home/vagrant/.rbenv/versions/1.9.3-p429/lib/ruby/gems/1.9.1/gems/actionpack-4.0.0.rc1/lib/action_dispatch/middleware/callbacks.rb:27:in `call'
/home/vagrant/.rbenv/versions/1.9.3-p429/lib/ruby/gems/1.9.1/gems/actionpack-4.0.0.rc1/lib/action_dispatch/middleware/reloader.rb:64:in `call'
/home/vagrant/.rbenv/versions/1.9.3-p429/lib/ruby/gems/1.9.1/gems/actionpack-4.0.0.rc1/lib/action_dispatch/middleware/remote_ip.rb:76:in `call'
/home/vagrant/.rbenv/versions/1.9.3-p429/lib/ruby/gems/1.9.1/gems/better_errors-0.9.0/lib/better_errors/middleware.rb:58:in `call'
/home/vagrant/.rbenv/versions/1.9.3-p429/lib/ruby/gems/1.9.1/gems/actionpack-4.0.0.rc1/lib/action_dispatch/middleware/debug_exceptions.rb:17:in `call'
/home/vagrant/.rbenv/versions/1.9.3-p429/lib/ruby/gems/1.9.1/gems/actionpack-4.0.0.rc1/lib/action_dispatch/middleware/show_exceptions.rb:30:in `call'
/home/vagrant/.rbenv/versions/1.9.3-p429/lib/ruby/gems/1.9.1/gems/railties-4.0.0.rc1/lib/rails/rack/logger.rb:38:in `call_app'
/home/vagrant/.rbenv/versions/1.9.3-p429/lib/ruby/gems/1.9.1/gems/railties-4.0.0.rc1/lib/rails/rack/logger.rb:21:in `block in call'
/home/vagrant/.rbenv/versions/1.9.3-p429/lib/ruby/gems/1.9.1/gems/activesupport-4.0.0.rc1/lib/active_support/tagged_logging.rb:67:in `block in tagged'
/home/vagrant/.rbenv/versions/1.9.3-p429/lib/ruby/gems/1.9.1/gems/activesupport-4.0.0.rc1/lib/active_support/tagged_logging.rb:25:in `tagged'
/home/vagrant/.rbenv/versions/1.9.3-p429/lib/ruby/gems/1.9.1/gems/activesupport-4.0.0.rc1/lib/active_support/tagged_logging.rb:67:in `tagged'
/home/vagrant/.rbenv/versions/1.9.3-p429/lib/ruby/gems/1.9.1/gems/railties-4.0.0.rc1/lib/rails/rack/logger.rb:21:in `call'
/home/vagrant/.rbenv/versions/1.9.3-p429/lib/ruby/gems/1.9.1/gems/quiet_assets-1.0.2/lib/quiet_assets.rb:18:in `call_with_quiet_assets'
/home/vagrant/.rbenv/versions/1.9.3-p429/lib/ruby/gems/1.9.1/gems/actionpack-4.0.0.rc1/lib/action_dispatch/middleware/request_id.rb:21:in `call'
/home/vagrant/.rbenv/versions/1.9.3-p429/lib/ruby/gems/1.9.1/gems/rack-1.5.2/lib/rack/methodoverride.rb:21:in `call'
/home/vagrant/.rbenv/versions/1.9.3-p429/lib/ruby/gems/1.9.1/gems/rack-1.5.2/lib/rack/runtime.rb:17:in `call'
/home/vagrant/.rbenv/versions/1.9.3-p429/lib/ruby/gems/1.9.1/gems/activesupport-4.0.0.rc1/lib/active_support/cache/strategy/local_cache.rb:83:in `call'
/home/vagrant/.rbenv/versions/1.9.3-p429/lib/ruby/gems/1.9.1/gems/rack-1.5.2/lib/rack/lock.rb:17:in `call'
/home/vagrant/.rbenv/versions/1.9.3-p429/lib/ruby/gems/1.9.1/gems/actionpack-4.0.0.rc1/lib/action_dispatch/middleware/static.rb:64:in `call'
/home/vagrant/.rbenv/versions/1.9.3-p429/lib/ruby/gems/1.9.1/gems/railties-4.0.0.rc1/lib/rails/engine.rb:511:in `call'
/home/vagrant/.rbenv/versions/1.9.3-p429/lib/ruby/gems/1.9.1/gems/railties-4.0.0.rc1/lib/rails/application.rb:96:in `call'
/home/vagrant/.rbenv/versions/1.9.3-p429/lib/ruby/gems/1.9.1/gems/rack-1.5.2/lib/rack/lock.rb:17:in `call'
/home/vagrant/.rbenv/versions/1.9.3-p429/lib/ruby/gems/1.9.1/gems/rack-1.5.2/lib/rack/content_length.rb:14:in `call'
/home/vagrant/.rbenv/versions/1.9.3-p429/lib/ruby/gems/1.9.1/gems/rack-1.5.2/lib/rack/handler/webrick.rb:60:in `service'
/home/vagrant/.rbenv/versions/1.9.3-p429/lib/ruby/1.9.1/webrick/httpserver.rb:138:in `service'
/home/vagrant/.rbenv/versions/1.9.3-p429/lib/ruby/1.9.1/webrick/httpserver.rb:94:in `run'
/home/vagrant/.rbenv/versions/1.9.3-p429/lib/ruby/1.9.1/webrick/server.rb:191:in `block in start_thread'
  Rendered cover/home.html.erb within layouts/application (18.6ms)
Completed 500 Internal Server Error in 382ms

ActionView::Template::Error (/vagrant/lifestor/app/views/cover/home.html.erb:63: syntax error, unexpected keyword_ensure, expecting keyword_end
/vagrant/lifestor/app/views/cover/home.html.erb:65: syntax error, unexpected $end, expecting keyword_end):
    60:     </div>
    61:   </div>
    62: </body>
  actionpack (4.0.0.rc1) lib/action_view/template.rb:299:in `module_eval'
  actionpack (4.0.0.rc1) lib/action_view/template.rb:299:in `compile'
  actionpack (4.0.0.rc1) lib/action_view/template.rb:248:in `block in compile!'
  <internal:prelude>:10:in `synchronize'
  actionpack (4.0.0.rc1) lib/action_view/template.rb:236:in `compile!'
  actionpack (4.0.0.rc1) lib/action_view/template.rb:142:in `block in render'
  activesupport (4.0.0.rc1) lib/active_support/notifications.rb:161:in `instrument'
  actionpack (4.0.0.rc1) lib/action_view/template.rb:141:in `render'
  actionpack (4.0.0.rc1) lib/action_view/renderer/template_renderer.rb:49:in `block (2 levels) in render_template'
  actionpack (4.0.0.rc1) lib/action_view/renderer/abstract_renderer.rb:38:in `block in instrument'
  activesupport (4.0.0.rc1) lib/active_support/notifications.rb:159:in `block in instrument'
  activesupport (4.0.0.rc1) lib/active_support/notifications/instrumenter.rb:20:in `instrument'
  activesupport (4.0.0.rc1) lib/active_support/notifications.rb:159:in `instrument'
  actionpack (4.0.0.rc1) lib/action_view/renderer/abstract_renderer.rb:38:in `instrument'
  actionpack (4.0.0.rc1) lib/action_view/renderer/template_renderer.rb:48:in `block in render_template'
  actionpack (4.0.0.rc1) lib/action_view/renderer/template_renderer.rb:56:in `render_with_layout'
  actionpack (4.0.0.rc1) lib/action_view/renderer/template_renderer.rb:47:in `render_template'
  actionpack (4.0.0.rc1) lib/action_view/renderer/template_renderer.rb:17:in `render'
  actionpack (4.0.0.rc1) lib/action_view/renderer/renderer.rb:42:in `render_template'
  actionpack (4.0.0.rc1) lib/action_view/renderer/renderer.rb:23:in `render'
  actionpack (4.0.0.rc1) lib/abstract_controller/rendering.rb:127:in `_render_template'
  actionpack (4.0.0.rc1) lib/action_controller/metal/streaming.rb:219:in `_render_template'
  actionpack (4.0.0.rc1) lib/abstract_controller/rendering.rb:120:in `render_to_body'
  actionpack (4.0.0.rc1) lib/action_controller/metal/rendering.rb:33:in `render_to_body'
  actionpack (4.0.0.rc1) lib/action_controller/metal/renderers.rb:26:in `render_to_body'
  actionpack (4.0.0.rc1) lib/abstract_controller/rendering.rb:97:in `render'
  actionpack (4.0.0.rc1) lib/action_controller/metal/rendering.rb:16:in `render'
  actionpack (4.0.0.rc1) lib/action_controller/metal/instrumentation.rb:41:in `block (2 levels) in render'
  activesupport (4.0.0.rc1) lib/active_support/core_ext/benchmark.rb:12:in `block in ms'
  /home/vagrant/.rbenv/versions/1.9.3-p429/lib/ruby/1.9.1/benchmark.rb:295:in `realtime'
  activesupport (4.0.0.rc1) lib/active_support/core_ext/benchmark.rb:12:in `ms'
  actionpack (4.0.0.rc1) lib/action_controller/metal/instrumentation.rb:41:in `block in render'
  actionpack (4.0.0.rc1) lib/action_controller/metal/instrumentation.rb:84:in `cleanup_view_runtime'
  activerecord (4.0.0.rc1) lib/active_record/railties/controller_runtime.rb:25:in `cleanup_view_runtime'
  actionpack (4.0.0.rc1) lib/action_controller/metal/instrumentation.rb:40:in `render'
  actionpack (4.0.0.rc1) lib/action_controller/metal/implicit_render.rb:10:in `default_render'
  actionpack (4.0.0.rc1) lib/action_controller/metal/implicit_render.rb:5:in `send_action'
  actionpack (4.0.0.rc1) lib/abstract_controller/base.rb:189:in `process_action'
  actionpack (4.0.0.rc1) lib/action_controller/metal/rendering.rb:10:in `process_action'
  actionpack (4.0.0.rc1) lib/abstract_controller/callbacks.rb:18:in `block in process_action'
  activesupport (4.0.0.rc1) lib/active_support/callbacks.rb:432:in `_run__704420178__process_action__callbacks'
  activesupport (4.0.0.rc1) lib/active_support/callbacks.rb:80:in `run_callbacks'
  actionpack (4.0.0.rc1) lib/abstract_controller/callbacks.rb:17:in `process_action'
  actionpack (4.0.0.rc1) lib/action_controller/metal/rescue.rb:29:in `process_action'
  actionpack (4.0.0.rc1) lib/action_controller/metal/instrumentation.rb:31:in `block in process_action'
  activesupport (4.0.0.rc1) lib/active_support/notifications.rb:159:in `block in instrument'
  activesupport (4.0.0.rc1) lib/active_support/notifications/instrumenter.rb:20:in `instrument'
  activesupport (4.0.0.rc1) lib/active_support/notifications.rb:159:in `instrument'
  actionpack (4.0.0.rc1) lib/action_controller/metal/instrumentation.rb:30:in `process_action'
  actionpack (4.0.0.rc1) lib/action_controller/metal/params_wrapper.rb:245:in `process_action'
  activerecord (4.0.0.rc1) lib/active_record/railties/controller_runtime.rb:18:in `process_action'
  actionpack (4.0.0.rc1) lib/abstract_controller/base.rb:136:in `process'
  actionpack (4.0.0.rc1) lib/abstract_controller/rendering.rb:44:in `process'
  actionpack (4.0.0.rc1) lib/action_controller/metal.rb:195:in `dispatch'
  actionpack (4.0.0.rc1) lib/action_controller/metal/rack_delegation.rb:13:in `dispatch'
  actionpack (4.0.0.rc1) lib/action_controller/metal.rb:231:in `block in action'
  actionpack (4.0.0.rc1) lib/action_dispatch/routing/route_set.rb:80:in `call'
  actionpack (4.0.0.rc1) lib/action_dispatch/routing/route_set.rb:80:in `dispatch'
  actionpack (4.0.0.rc1) lib/action_dispatch/routing/route_set.rb:48:in `call'
  actionpack (4.0.0.rc1) lib/action_dispatch/journey/router.rb:71:in `block in call'
  actionpack (4.0.0.rc1) lib/action_dispatch/journey/router.rb:59:in `each'
  actionpack (4.0.0.rc1) lib/action_dispatch/journey/router.rb:59:in `call'
  actionpack (4.0.0.rc1) lib/action_dispatch/routing/route_set.rb:654:in `call'
  warden (1.2.1) lib/warden/manager.rb:35:in `block in call'
  warden (1.2.1) lib/warden/manager.rb:34:in `catch'
  warden (1.2.1) lib/warden/manager.rb:34:in `call'
  rack (1.5.2) lib/rack/etag.rb:23:in `call'
  rack (1.5.2) lib/rack/conditionalget.rb:25:in `call'
  rack (1.5.2) lib/rack/head.rb:11:in `call'
  actionpack (4.0.0.rc1) lib/action_dispatch/middleware/params_parser.rb:27:in `call'
  actionpack (4.0.0.rc1) lib/action_dispatch/middleware/flash.rb:241:in `call'
  rack (1.5.2) lib/rack/session/abstract/id.rb:225:in `context'
  rack (1.5.2) lib/rack/session/abstract/id.rb:220:in `call'
  actionpack (4.0.0.rc1) lib/action_dispatch/middleware/cookies.rb:486:in `call'
  activerecord (4.0.0.rc1) lib/active_record/query_cache.rb:36:in `call'
  activerecord (4.0.0.rc1) lib/active_record/connection_adapters/abstract/connection_pool.rb:626:in `call'
  activerecord (4.0.0.rc1) lib/active_record/migration.rb:366:in `call'
  actionpack (4.0.0.rc1) lib/action_dispatch/middleware/callbacks.rb:29:in `block in call'
  activesupport (4.0.0.rc1) lib/active_support/callbacks.rb:392:in `_run__660635615__call__callbacks'
  activesupport (4.0.0.rc1) lib/active_support/callbacks.rb:80:in `run_callbacks'
  actionpack (4.0.0.rc1) lib/action_dispatch/middleware/callbacks.rb:27:in `call'
  actionpack (4.0.0.rc1) lib/action_dispatch/middleware/reloader.rb:64:in `call'
  actionpack (4.0.0.rc1) lib/action_dispatch/middleware/remote_ip.rb:76:in `call'
  better_errors (0.9.0) lib/better_errors/middleware.rb:58:in `call'
  actionpack (4.0.0.rc1) lib/action_dispatch/middleware/debug_exceptions.rb:17:in `call'
  actionpack (4.0.0.rc1) lib/action_dispatch/middleware/show_exceptions.rb:30:in `call'
  railties (4.0.0.rc1) lib/rails/rack/logger.rb:38:in `call_app'
  railties (4.0.0.rc1) lib/rails/rack/logger.rb:21:in `block in call'
  activesupport (4.0.0.rc1) lib/active_support/tagged_logging.rb:67:in `block in tagged'
  activesupport (4.0.0.rc1) lib/active_support/tagged_logging.rb:25:in `tagged'
  activesupport (4.0.0.rc1) lib/active_support/tagged_logging.rb:67:in `tagged'
  railties (4.0.0.rc1) lib/rails/rack/logger.rb:21:in `call'
  quiet_assets (1.0.2) lib/quiet_assets.rb:18:in `call_with_quiet_assets'
  actionpack (4.0.0.rc1) lib/action_dispatch/middleware/request_id.rb:21:in `call'
  rack (1.5.2) lib/rack/methodoverride.rb:21:in `call'
  rack (1.5.2) lib/rack/runtime.rb:17:in `call'
  activesupport (4.0.0.rc1) lib/active_support/cache/strategy/local_cache.rb:83:in `call'
  rack (1.5.2) lib/rack/lock.rb:17:in `call'
  actionpack (4.0.0.rc1) lib/action_dispatch/middleware/static.rb:64:in `call'
  railties (4.0.0.rc1) lib/rails/engine.rb:511:in `call'
  railties (4.0.0.rc1) lib/rails/application.rb:96:in `call'
  rack (1.5.2) lib/rack/lock.rb:17:in `call'
  rack (1.5.2) lib/rack/content_length.rb:14:in `call'
  rack (1.5.2) lib/rack/handler/webrick.rb:60:in `service'
  /home/vagrant/.rbenv/versions/1.9.3-p429/lib/ruby/1.9.1/webrick/httpserver.rb:138:in `service'
  /home/vagrant/.rbenv/versions/1.9.3-p429/lib/ruby/1.9.1/webrick/httpserver.rb:94:in `run'
  /home/vagrant/.rbenv/versions/1.9.3-p429/lib/ruby/1.9.1/webrick/server.rb:191:in `block in start_thread'


  Rendered /home/vagrant/.rbenv/versions/1.9.3-p429/lib/ruby/gems/1.9.1/gems/actionpack-4.0.0.rc1/lib/action_dispatch/middleware/templates/rescues/_trace.erb (3.6ms)
  Rendered /home/vagrant/.rbenv/versions/1.9.3-p429/lib/ruby/gems/1.9.1/gems/actionpack-4.0.0.rc1/lib/action_dispatch/middleware/templates/rescues/_request_and_response.erb (2.3ms)
  Rendered /home/vagrant/.rbenv/versions/1.9.3-p429/lib/ruby/gems/1.9.1/gems/actionpack-4.0.0.rc1/lib/action_dispatch/middleware/templates/rescues/template_error.erb within rescues/layout (60.6ms)


Started GET "/cover/home" for 10.0.2.2 at 2013-07-12 18:46:21 +0000
Processing by CoverController#home as HTML
  [1m[35mUser Load (3.9ms)[0m  SELECT "users".* FROM "users" WHERE "users"."id" = 1 ORDER BY "users"."id" ASC LIMIT 1
  Rendered cover/home.html.erb within layouts/application (62.4ms)
Completed 500 Internal Server Error in 245ms

ActionView::Template::Error (wrong number of arguments (1 for 0)):
    26:         <!-- .btn-navbar is used as the toggle for collapsed navbar content -->
    27:         <a class="btn btn-navbar" data-toggle="collapse" data-target=".nav-collapse"> </a>
    28:         
    29:       <% if current_user(false) %>
    30:           <ul class="nav">
    31:             <div class="nav" style="float:right;">
    32:               <div class="dropdown" style="display:inline-block;margin-right:50px;">
  app/views/cover/home.html.erb:29:in `_app_views_cover_home_html_erb___789075496__623783378'


  Rendered /home/vagrant/.rbenv/versions/1.9.3-p429/lib/ruby/gems/1.9.1/gems/actionpack-4.0.0.rc1/lib/action_dispatch/middleware/templates/rescues/_trace.erb (2.4ms)
  Rendered /home/vagrant/.rbenv/versions/1.9.3-p429/lib/ruby/gems/1.9.1/gems/actionpack-4.0.0.rc1/lib/action_dispatch/middleware/templates/rescues/_request_and_response.erb (2.7ms)
  Rendered /home/vagrant/.rbenv/versions/1.9.3-p429/lib/ruby/gems/1.9.1/gems/actionpack-4.0.0.rc1/lib/action_dispatch/middleware/templates/rescues/template_error.erb within rescues/layout (35.0ms)


Started GET "/cover/home" for 10.0.2.2 at 2013-07-12 18:46:39 +0000
Processing by CoverController#home as HTML
  [1m[36mUser Load (4.2ms)[0m  [1mSELECT "users".* FROM "users" WHERE "users"."id" = 1 ORDER BY "users"."id" ASC LIMIT 1[0m
  Rendered cover/home.html.erb within layouts/application (99.9ms)
Completed 500 Internal Server Error in 268ms

ActionView::Template::Error (Missing partial cover/sampleday with {:locale=>[:en], :formats=>[:html], :handlers=>[:erb, :builder, :raw, :ruby, :coffee, :jbuilder]}. Searched in:
  * "/vagrant/lifestor/app/views"
  * "/home/vagrant/.rbenv/versions/1.9.3-p429/lib/ruby/gems/1.9.1/gems/devise-3.0.0.rc/app/views"
  * "/home/vagrant/.rbenv/versions/1.9.3-p429/lib/ruby/gems/1.9.1/gems/twitter-bootstrap-rails-2.2.7/app/views"
):
    31:               <div class="dropdown" style="display:inline-block;margin-right:50px;">
    32:                 <a class="dropdown-toggle" close-on-click="false" data-toggle="dropdown" href="#"><%= "One Day With Lifestor" %> </a>
    33:                   <ul class="dropdown-menu" role="menu" aria-labelledby="dropdownMenu">
    34:             </li><%= render 'cover/sampleday' %></li>
    35:             <li><%= link_to 'Stream', tweets_path %></li>
    36:             <li><%= link_to '@', notifications_user_path(current_user) %></li>  
    37:           </ul>
  app/views/cover/home.html.erb:34:in `_app_views_cover_home_html_erb___789075496__623123108'


  Rendered /home/vagrant/.rbenv/versions/1.9.3-p429/lib/ruby/gems/1.9.1/gems/actionpack-4.0.0.rc1/lib/action_dispatch/middleware/templates/rescues/_trace.erb (4.4ms)
  Rendered /home/vagrant/.rbenv/versions/1.9.3-p429/lib/ruby/gems/1.9.1/gems/actionpack-4.0.0.rc1/lib/action_dispatch/middleware/templates/rescues/_request_and_response.erb (2.0ms)
  Rendered /home/vagrant/.rbenv/versions/1.9.3-p429/lib/ruby/gems/1.9.1/gems/actionpack-4.0.0.rc1/lib/action_dispatch/middleware/templates/rescues/template_error.erb within rescues/layout (33.2ms)


Started GET "/cover/home" for 10.0.2.2 at 2013-07-12 18:47:29 +0000
Processing by CoverController#home as HTML
  [1m[35mUser Load (3.1ms)[0m  SELECT "users".* FROM "users" WHERE "users"."id" = 1 ORDER BY "users"."id" ASC LIMIT 1
  Rendered cover/_oneday.html.erb (0.6ms)
  Rendered cover/home.html.erb within layouts/application (180.5ms)
Completed 500 Internal Server Error in 346ms

ActionView::Template::Error (undefined local variable or method `tweets_path' for #<#<Class:0xbf0f5a4>:0xb5b9d880>):
    32:                 <a class="dropdown-toggle" close-on-click="false" data-toggle="dropdown" href="#"><%= "One Day With Lifestor" %> </a>
    33:                   <ul class="dropdown-menu" role="menu" aria-labelledby="dropdownMenu">
    34:             </li><%= render 'cover/oneday' %></li>
    35:             <li><%= link_to 'Stream', tweets_path %></li>
    36:             <li><%= link_to '@', notifications_user_path(current_user) %></li>  
    37:           </ul>
    38:           <div class="nav" style="float:right;">
  app/views/cover/home.html.erb:35:in `_app_views_cover_home_html_erb___789075496__623057028'


  Rendered /home/vagrant/.rbenv/versions/1.9.3-p429/lib/ruby/gems/1.9.1/gems/actionpack-4.0.0.rc1/lib/action_dispatch/middleware/templates/rescues/_trace.erb (3.4ms)
  Rendered /home/vagrant/.rbenv/versions/1.9.3-p429/lib/ruby/gems/1.9.1/gems/actionpack-4.0.0.rc1/lib/action_dispatch/middleware/templates/rescues/_request_and_response.erb (2.6ms)
  Rendered /home/vagrant/.rbenv/versions/1.9.3-p429/lib/ruby/gems/1.9.1/gems/actionpack-4.0.0.rc1/lib/action_dispatch/middleware/templates/rescues/template_error.erb within rescues/layout (33.7ms)


Started GET "/cover/home" for 10.0.2.2 at 2013-07-12 18:55:43 +0000
Processing by CoverController#home as HTML
  [1m[36mUser Load (3.5ms)[0m  [1mSELECT "users".* FROM "users" WHERE "users"."id" = 1 ORDER BY "users"."id" ASC LIMIT 1[0m
  Rendered cover/home.html.erb within layouts/application (79.9ms)
Completed 500 Internal Server Error in 251ms

ActionView::Template::Error (undefined local variable or method `devise' for #<#<Class:0xbf0f5a4>:0xb300b00>):
    1:                   <li><%= link_to "Login", devise/new_path %></li>
    2: 
    3: <h1>Welcome to Lifestor</h1>
    4: 
  app/views/cover/home.html.erb:1:in `_app_views_cover_home_html_erb___789075496_93847650'


  Rendered /home/vagrant/.rbenv/versions/1.9.3-p429/lib/ruby/gems/1.9.1/gems/actionpack-4.0.0.rc1/lib/action_dispatch/middleware/templates/rescues/_trace.erb (2.1ms)
  Rendered /home/vagrant/.rbenv/versions/1.9.3-p429/lib/ruby/gems/1.9.1/gems/actionpack-4.0.0.rc1/lib/action_dispatch/middleware/templates/rescues/_request_and_response.erb (1.9ms)
  Rendered /home/vagrant/.rbenv/versions/1.9.3-p429/lib/ruby/gems/1.9.1/gems/actionpack-4.0.0.rc1/lib/action_dispatch/middleware/templates/rescues/template_error.erb within rescues/layout (30.5ms)


Started GET "/cover/home" for 10.0.2.2 at 2013-07-12 18:59:13 +0000
Processing by CoverController#home as HTML
  [1m[35mUser Load (4.5ms)[0m  SELECT "users".* FROM "users" WHERE "users"."id" = 1 ORDER BY "users"."id" ASC LIMIT 1
  Rendered cover/home.html.erb within layouts/application (65.9ms)
Completed 500 Internal Server Error in 240ms

ActionView::Template::Error (undefined local variable or method `user_new_path' for #<#<Class:0xbf0f5a4>:0xb5850b64>):
    1:                   <li><%= link_to "Login", user_new_path %></li>
    2: 
    3: <h1>Welcome to Lifestor</h1>
    4: 
  app/views/cover/home.html.erb:1:in `_app_views_cover_home_html_erb___789075496__624787258'


  Rendered /home/vagrant/.rbenv/versions/1.9.3-p429/lib/ruby/gems/1.9.1/gems/actionpack-4.0.0.rc1/lib/action_dispatch/middleware/templates/rescues/_trace.erb (3.5ms)
  Rendered /home/vagrant/.rbenv/versions/1.9.3-p429/lib/ruby/gems/1.9.1/gems/actionpack-4.0.0.rc1/lib/action_dispatch/middleware/templates/rescues/_request_and_response.erb (2.3ms)
  Rendered /home/vagrant/.rbenv/versions/1.9.3-p429/lib/ruby/gems/1.9.1/gems/actionpack-4.0.0.rc1/lib/action_dispatch/middleware/templates/rescues/template_error.erb within rescues/layout (29.8ms)


Started GET "/cover/home" for 10.0.2.2 at 2013-07-12 19:00:29 +0000
Processing by CoverController#home as HTML
  [1m[36mUser Load (4.8ms)[0m  [1mSELECT "users".* FROM "users" WHERE "users"."id" = 1 ORDER BY "users"."id" ASC LIMIT 1[0m
ERROR: compiling _app_views_cover_home_html_erb___789075496__623369498 RAISED /vagrant/lifestor/app/views/cover/home.html.erb:1: syntax error, unexpected ',', expecting ')'
...ffer.append=( link_to ('Login', new_user_session_path) );@ou...
...                               ^
Function body:           def _app_views_cover_home_html_erb___789075496__623369498(local_assigns, output_buffer)
            _old_virtual_path, @virtual_path = @virtual_path, "cover/home";_old_output_buffer = @output_buffer;;@output_buffer = output_buffer || ActionView::OutputBuffer.new;@output_buffer.safe_append='    <li>';@output_buffer.append=( link_to ('Login', new_user_session_path) );@output_buffer.safe_append=' </li>

<h1>Welcome to Lifestor</h1>

Every life is a story worth telling.

Every day is a page worth reading. 

Your memories belong to you. 

But they also belong to your future self. Lifestor gives you the chance to access a treasure chest of memories at any point in your life. Our innovative tagging structure is the world\'s best file cabinet for snapshots, happenings and reflections.

Memories can be wonderful. But over time, they age, and like old-timey photographs, they begin to fade. We replace our memories with shorter and shorter stories, until our lives are a few sentences whispered into the ears of our grandchildren.

With Lifestor, your memories become the story--a story that will never fade, shrink, or shrivel. Tou can share your story with the world, or keep it close to your heart. You can take ownership of your best moments and return to them whenever you\'d like. 

Other points to hit:

-Every life is special
-Here\'s how a typical person might use Lifestor as "memory insurance": ten minutes per day, to save that day forever
-Here\'s how the tagging system works
-Here\'s how the reward system works

<body>
  <div class="navbar navbar-fixed-top">
    <div class="navbar-inner">
      <div class="container">
        <!-- .btn-navbar is used as the toggle for collapsed navbar content -->
        <a class="btn btn-navbar" data-toggle="collapse" data-target=".nav-collapse"> </a>

          <ul class="nav">
            <div class="nav" style="float:right;">
              <div class="dropdown" style="display:inline-block;margin-right:50px;">
                <a class="dropdown-toggle" close-on-click="false" data-toggle="dropdown" href="#">';@output_buffer.append=( "One Day With Lifestor" );@output_buffer.safe_append=' </a>
                  <ul class="dropdown-menu" role="menu" aria-labelledby="dropdownMenu">
                  </li>';@output_buffer.append=( render 'cover/oneday' );@output_buffer.safe_append='</li>
          </ul>
        </div>
      </div>
    </div>
  </div>
</body>';@output_buffer.to_s
          ensure
            @virtual_path, @output_buffer = _old_virtual_path, _old_output_buffer
          end

Backtrace: /home/vagrant/.rbenv/versions/1.9.3-p429/lib/ruby/gems/1.9.1/gems/actionpack-4.0.0.rc1/lib/action_view/template.rb:299:in `module_eval'
/home/vagrant/.rbenv/versions/1.9.3-p429/lib/ruby/gems/1.9.1/gems/actionpack-4.0.0.rc1/lib/action_view/template.rb:299:in `compile'
/home/vagrant/.rbenv/versions/1.9.3-p429/lib/ruby/gems/1.9.1/gems/actionpack-4.0.0.rc1/lib/action_view/template.rb:248:in `block in compile!'
<internal:prelude>:10:in `synchronize'
/home/vagrant/.rbenv/versions/1.9.3-p429/lib/ruby/gems/1.9.1/gems/actionpack-4.0.0.rc1/lib/action_view/template.rb:236:in `compile!'
/home/vagrant/.rbenv/versions/1.9.3-p429/lib/ruby/gems/1.9.1/gems/actionpack-4.0.0.rc1/lib/action_view/template.rb:142:in `block in render'
/home/vagrant/.rbenv/versions/1.9.3-p429/lib/ruby/gems/1.9.1/gems/activesupport-4.0.0.rc1/lib/active_support/notifications.rb:161:in `instrument'
/home/vagrant/.rbenv/versions/1.9.3-p429/lib/ruby/gems/1.9.1/gems/actionpack-4.0.0.rc1/lib/action_view/template.rb:141:in `render'
/home/vagrant/.rbenv/versions/1.9.3-p429/lib/ruby/gems/1.9.1/gems/actionpack-4.0.0.rc1/lib/action_view/renderer/template_renderer.rb:49:in `block (2 levels) in render_template'
/home/vagrant/.rbenv/versions/1.9.3-p429/lib/ruby/gems/1.9.1/gems/actionpack-4.0.0.rc1/lib/action_view/renderer/abstract_renderer.rb:38:in `block in instrument'
/home/vagrant/.rbenv/versions/1.9.3-p429/lib/ruby/gems/1.9.1/gems/activesupport-4.0.0.rc1/lib/active_support/notifications.rb:159:in `block in instrument'
/home/vagrant/.rbenv/versions/1.9.3-p429/lib/ruby/gems/1.9.1/gems/activesupport-4.0.0.rc1/lib/active_support/notifications/instrumenter.rb:20:in `instrument'
/home/vagrant/.rbenv/versions/1.9.3-p429/lib/ruby/gems/1.9.1/gems/activesupport-4.0.0.rc1/lib/active_support/notifications.rb:159:in `instrument'
/home/vagrant/.rbenv/versions/1.9.3-p429/lib/ruby/gems/1.9.1/gems/actionpack-4.0.0.rc1/lib/action_view/renderer/abstract_renderer.rb:38:in `instrument'
/home/vagrant/.rbenv/versions/1.9.3-p429/lib/ruby/gems/1.9.1/gems/actionpack-4.0.0.rc1/lib/action_view/renderer/template_renderer.rb:48:in `block in render_template'
/home/vagrant/.rbenv/versions/1.9.3-p429/lib/ruby/gems/1.9.1/gems/actionpack-4.0.0.rc1/lib/action_view/renderer/template_renderer.rb:56:in `render_with_layout'
/home/vagrant/.rbenv/versions/1.9.3-p429/lib/ruby/gems/1.9.1/gems/actionpack-4.0.0.rc1/lib/action_view/renderer/template_renderer.rb:47:in `render_template'
/home/vagrant/.rbenv/versions/1.9.3-p429/lib/ruby/gems/1.9.1/gems/actionpack-4.0.0.rc1/lib/action_view/renderer/template_renderer.rb:17:in `render'
/home/vagrant/.rbenv/versions/1.9.3-p429/lib/ruby/gems/1.9.1/gems/actionpack-4.0.0.rc1/lib/action_view/renderer/renderer.rb:42:in `render_template'
/home/vagrant/.rbenv/versions/1.9.3-p429/lib/ruby/gems/1.9.1/gems/actionpack-4.0.0.rc1/lib/action_view/renderer/renderer.rb:23:in `render'
/home/vagrant/.rbenv/versions/1.9.3-p429/lib/ruby/gems/1.9.1/gems/actionpack-4.0.0.rc1/lib/abstract_controller/rendering.rb:127:in `_render_template'
/home/vagrant/.rbenv/versions/1.9.3-p429/lib/ruby/gems/1.9.1/gems/actionpack-4.0.0.rc1/lib/action_controller/metal/streaming.rb:219:in `_render_template'
/home/vagrant/.rbenv/versions/1.9.3-p429/lib/ruby/gems/1.9.1/gems/actionpack-4.0.0.rc1/lib/abstract_controller/rendering.rb:120:in `render_to_body'
/home/vagrant/.rbenv/versions/1.9.3-p429/lib/ruby/gems/1.9.1/gems/actionpack-4.0.0.rc1/lib/action_controller/metal/rendering.rb:33:in `render_to_body'
/home/vagrant/.rbenv/versions/1.9.3-p429/lib/ruby/gems/1.9.1/gems/actionpack-4.0.0.rc1/lib/action_controller/metal/renderers.rb:26:in `render_to_body'
/home/vagrant/.rbenv/versions/1.9.3-p429/lib/ruby/gems/1.9.1/gems/actionpack-4.0.0.rc1/lib/abstract_controller/rendering.rb:97:in `render'
/home/vagrant/.rbenv/versions/1.9.3-p429/lib/ruby/gems/1.9.1/gems/actionpack-4.0.0.rc1/lib/action_controller/metal/rendering.rb:16:in `render'
/home/vagrant/.rbenv/versions/1.9.3-p429/lib/ruby/gems/1.9.1/gems/actionpack-4.0.0.rc1/lib/action_controller/metal/instrumentation.rb:41:in `block (2 levels) in render'
/home/vagrant/.rbenv/versions/1.9.3-p429/lib/ruby/gems/1.9.1/gems/activesupport-4.0.0.rc1/lib/active_support/core_ext/benchmark.rb:12:in `block in ms'
/home/vagrant/.rbenv/versions/1.9.3-p429/lib/ruby/1.9.1/benchmark.rb:295:in `realtime'
/home/vagrant/.rbenv/versions/1.9.3-p429/lib/ruby/gems/1.9.1/gems/activesupport-4.0.0.rc1/lib/active_support/core_ext/benchmark.rb:12:in `ms'
/home/vagrant/.rbenv/versions/1.9.3-p429/lib/ruby/gems/1.9.1/gems/actionpack-4.0.0.rc1/lib/action_controller/metal/instrumentation.rb:41:in `block in render'
/home/vagrant/.rbenv/versions/1.9.3-p429/lib/ruby/gems/1.9.1/gems/actionpack-4.0.0.rc1/lib/action_controller/metal/instrumentation.rb:84:in `cleanup_view_runtime'
/home/vagrant/.rbenv/versions/1.9.3-p429/lib/ruby/gems/1.9.1/gems/activerecord-4.0.0.rc1/lib/active_record/railties/controller_runtime.rb:25:in `cleanup_view_runtime'
/home/vagrant/.rbenv/versions/1.9.3-p429/lib/ruby/gems/1.9.1/gems/actionpack-4.0.0.rc1/lib/action_controller/metal/instrumentation.rb:40:in `render'
/home/vagrant/.rbenv/versions/1.9.3-p429/lib/ruby/gems/1.9.1/gems/actionpack-4.0.0.rc1/lib/action_controller/metal/implicit_render.rb:10:in `default_render'
/home/vagrant/.rbenv/versions/1.9.3-p429/lib/ruby/gems/1.9.1/gems/actionpack-4.0.0.rc1/lib/action_controller/metal/implicit_render.rb:5:in `send_action'
/home/vagrant/.rbenv/versions/1.9.3-p429/lib/ruby/gems/1.9.1/gems/actionpack-4.0.0.rc1/lib/abstract_controller/base.rb:189:in `process_action'
/home/vagrant/.rbenv/versions/1.9.3-p429/lib/ruby/gems/1.9.1/gems/actionpack-4.0.0.rc1/lib/action_controller/metal/rendering.rb:10:in `process_action'
/home/vagrant/.rbenv/versions/1.9.3-p429/lib/ruby/gems/1.9.1/gems/actionpack-4.0.0.rc1/lib/abstract_controller/callbacks.rb:18:in `block in process_action'
/home/vagrant/.rbenv/versions/1.9.3-p429/lib/ruby/gems/1.9.1/gems/activesupport-4.0.0.rc1/lib/active_support/callbacks.rb:432:in `_run__704420178__process_action__callbacks'
/home/vagrant/.rbenv/versions/1.9.3-p429/lib/ruby/gems/1.9.1/gems/activesupport-4.0.0.rc1/lib/active_support/callbacks.rb:80:in `run_callbacks'
/home/vagrant/.rbenv/versions/1.9.3-p429/lib/ruby/gems/1.9.1/gems/actionpack-4.0.0.rc1/lib/abstract_controller/callbacks.rb:17:in `process_action'
/home/vagrant/.rbenv/versions/1.9.3-p429/lib/ruby/gems/1.9.1/gems/actionpack-4.0.0.rc1/lib/action_controller/metal/rescue.rb:29:in `process_action'
/home/vagrant/.rbenv/versions/1.9.3-p429/lib/ruby/gems/1.9.1/gems/actionpack-4.0.0.rc1/lib/action_controller/metal/instrumentation.rb:31:in `block in process_action'
/home/vagrant/.rbenv/versions/1.9.3-p429/lib/ruby/gems/1.9.1/gems/activesupport-4.0.0.rc1/lib/active_support/notifications.rb:159:in `block in instrument'
/home/vagrant/.rbenv/versions/1.9.3-p429/lib/ruby/gems/1.9.1/gems/activesupport-4.0.0.rc1/lib/active_support/notifications/instrumenter.rb:20:in `instrument'
/home/vagrant/.rbenv/versions/1.9.3-p429/lib/ruby/gems/1.9.1/gems/activesupport-4.0.0.rc1/lib/active_support/notifications.rb:159:in `instrument'
/home/vagrant/.rbenv/versions/1.9.3-p429/lib/ruby/gems/1.9.1/gems/actionpack-4.0.0.rc1/lib/action_controller/metal/instrumentation.rb:30:in `process_action'
/home/vagrant/.rbenv/versions/1.9.3-p429/lib/ruby/gems/1.9.1/gems/actionpack-4.0.0.rc1/lib/action_controller/metal/params_wrapper.rb:245:in `process_action'
/home/vagrant/.rbenv/versions/1.9.3-p429/lib/ruby/gems/1.9.1/gems/activerecord-4.0.0.rc1/lib/active_record/railties/controller_runtime.rb:18:in `process_action'
/home/vagrant/.rbenv/versions/1.9.3-p429/lib/ruby/gems/1.9.1/gems/actionpack-4.0.0.rc1/lib/abstract_controller/base.rb:136:in `process'
/home/vagrant/.rbenv/versions/1.9.3-p429/lib/ruby/gems/1.9.1/gems/actionpack-4.0.0.rc1/lib/abstract_controller/rendering.rb:44:in `process'
/home/vagrant/.rbenv/versions/1.9.3-p429/lib/ruby/gems/1.9.1/gems/actionpack-4.0.0.rc1/lib/action_controller/metal.rb:195:in `dispatch'
/home/vagrant/.rbenv/versions/1.9.3-p429/lib/ruby/gems/1.9.1/gems/actionpack-4.0.0.rc1/lib/action_controller/metal/rack_delegation.rb:13:in `dispatch'
/home/vagrant/.rbenv/versions/1.9.3-p429/lib/ruby/gems/1.9.1/gems/actionpack-4.0.0.rc1/lib/action_controller/metal.rb:231:in `block in action'
/home/vagrant/.rbenv/versions/1.9.3-p429/lib/ruby/gems/1.9.1/gems/actionpack-4.0.0.rc1/lib/action_dispatch/routing/route_set.rb:80:in `call'
/home/vagrant/.rbenv/versions/1.9.3-p429/lib/ruby/gems/1.9.1/gems/actionpack-4.0.0.rc1/lib/action_dispatch/routing/route_set.rb:80:in `dispatch'
/home/vagrant/.rbenv/versions/1.9.3-p429/lib/ruby/gems/1.9.1/gems/actionpack-4.0.0.rc1/lib/action_dispatch/routing/route_set.rb:48:in `call'
/home/vagrant/.rbenv/versions/1.9.3-p429/lib/ruby/gems/1.9.1/gems/actionpack-4.0.0.rc1/lib/action_dispatch/journey/router.rb:71:in `block in call'
/home/vagrant/.rbenv/versions/1.9.3-p429/lib/ruby/gems/1.9.1/gems/actionpack-4.0.0.rc1/lib/action_dispatch/journey/router.rb:59:in `each'
/home/vagrant/.rbenv/versions/1.9.3-p429/lib/ruby/gems/1.9.1/gems/actionpack-4.0.0.rc1/lib/action_dispatch/journey/router.rb:59:in `call'
/home/vagrant/.rbenv/versions/1.9.3-p429/lib/ruby/gems/1.9.1/gems/actionpack-4.0.0.rc1/lib/action_dispatch/routing/route_set.rb:654:in `call'
/home/vagrant/.rbenv/versions/1.9.3-p429/lib/ruby/gems/1.9.1/gems/warden-1.2.1/lib/warden/manager.rb:35:in `block in call'
/home/vagrant/.rbenv/versions/1.9.3-p429/lib/ruby/gems/1.9.1/gems/warden-1.2.1/lib/warden/manager.rb:34:in `catch'
/home/vagrant/.rbenv/versions/1.9.3-p429/lib/ruby/gems/1.9.1/gems/warden-1.2.1/lib/warden/manager.rb:34:in `call'
/home/vagrant/.rbenv/versions/1.9.3-p429/lib/ruby/gems/1.9.1/gems/rack-1.5.2/lib/rack/etag.rb:23:in `call'
/home/vagrant/.rbenv/versions/1.9.3-p429/lib/ruby/gems/1.9.1/gems/rack-1.5.2/lib/rack/conditionalget.rb:25:in `call'
/home/vagrant/.rbenv/versions/1.9.3-p429/lib/ruby/gems/1.9.1/gems/rack-1.5.2/lib/rack/head.rb:11:in `call'
/home/vagrant/.rbenv/versions/1.9.3-p429/lib/ruby/gems/1.9.1/gems/actionpack-4.0.0.rc1/lib/action_dispatch/middleware/params_parser.rb:27:in `call'
/home/vagrant/.rbenv/versions/1.9.3-p429/lib/ruby/gems/1.9.1/gems/actionpack-4.0.0.rc1/lib/action_dispatch/middleware/flash.rb:241:in `call'
/home/vagrant/.rbenv/versions/1.9.3-p429/lib/ruby/gems/1.9.1/gems/rack-1.5.2/lib/rack/session/abstract/id.rb:225:in `context'
/home/vagrant/.rbenv/versions/1.9.3-p429/lib/ruby/gems/1.9.1/gems/rack-1.5.2/lib/rack/session/abstract/id.rb:220:in `call'
/home/vagrant/.rbenv/versions/1.9.3-p429/lib/ruby/gems/1.9.1/gems/actionpack-4.0.0.rc1/lib/action_dispatch/middleware/cookies.rb:486:in `call'
/home/vagrant/.rbenv/versions/1.9.3-p429/lib/ruby/gems/1.9.1/gems/activerecord-4.0.0.rc1/lib/active_record/query_cache.rb:36:in `call'
/home/vagrant/.rbenv/versions/1.9.3-p429/lib/ruby/gems/1.9.1/gems/activerecord-4.0.0.rc1/lib/active_record/connection_adapters/abstract/connection_pool.rb:626:in `call'
/home/vagrant/.rbenv/versions/1.9.3-p429/lib/ruby/gems/1.9.1/gems/activerecord-4.0.0.rc1/lib/active_record/migration.rb:366:in `call'
/home/vagrant/.rbenv/versions/1.9.3-p429/lib/ruby/gems/1.9.1/gems/actionpack-4.0.0.rc1/lib/action_dispatch/middleware/callbacks.rb:29:in `block in call'
/home/vagrant/.rbenv/versions/1.9.3-p429/lib/ruby/gems/1.9.1/gems/activesupport-4.0.0.rc1/lib/active_support/callbacks.rb:392:in `_run__660635615__call__callbacks'
/home/vagrant/.rbenv/versions/1.9.3-p429/lib/ruby/gems/1.9.1/gems/activesupport-4.0.0.rc1/lib/active_support/callbacks.rb:80:in `run_callbacks'
/home/vagrant/.rbenv/versions/1.9.3-p429/lib/ruby/gems/1.9.1/gems/actionpack-4.0.0.rc1/lib/action_dispatch/middleware/callbacks.rb:27:in `call'
/home/vagrant/.rbenv/versions/1.9.3-p429/lib/ruby/gems/1.9.1/gems/actionpack-4.0.0.rc1/lib/action_dispatch/middleware/reloader.rb:64:in `call'
/home/vagrant/.rbenv/versions/1.9.3-p429/lib/ruby/gems/1.9.1/gems/actionpack-4.0.0.rc1/lib/action_dispatch/middleware/remote_ip.rb:76:in `call'
/home/vagrant/.rbenv/versions/1.9.3-p429/lib/ruby/gems/1.9.1/gems/better_errors-0.9.0/lib/better_errors/middleware.rb:58:in `call'
/home/vagrant/.rbenv/versions/1.9.3-p429/lib/ruby/gems/1.9.1/gems/actionpack-4.0.0.rc1/lib/action_dispatch/middleware/debug_exceptions.rb:17:in `call'
/home/vagrant/.rbenv/versions/1.9.3-p429/lib/ruby/gems/1.9.1/gems/actionpack-4.0.0.rc1/lib/action_dispatch/middleware/show_exceptions.rb:30:in `call'
/home/vagrant/.rbenv/versions/1.9.3-p429/lib/ruby/gems/1.9.1/gems/railties-4.0.0.rc1/lib/rails/rack/logger.rb:38:in `call_app'
/home/vagrant/.rbenv/versions/1.9.3-p429/lib/ruby/gems/1.9.1/gems/railties-4.0.0.rc1/lib/rails/rack/logger.rb:21:in `block in call'
/home/vagrant/.rbenv/versions/1.9.3-p429/lib/ruby/gems/1.9.1/gems/activesupport-4.0.0.rc1/lib/active_support/tagged_logging.rb:67:in `block in tagged'
/home/vagrant/.rbenv/versions/1.9.3-p429/lib/ruby/gems/1.9.1/gems/activesupport-4.0.0.rc1/lib/active_support/tagged_logging.rb:25:in `tagged'
/home/vagrant/.rbenv/versions/1.9.3-p429/lib/ruby/gems/1.9.1/gems/activesupport-4.0.0.rc1/lib/active_support/tagged_logging.rb:67:in `tagged'
/home/vagrant/.rbenv/versions/1.9.3-p429/lib/ruby/gems/1.9.1/gems/railties-4.0.0.rc1/lib/rails/rack/logger.rb:21:in `call'
/home/vagrant/.rbenv/versions/1.9.3-p429/lib/ruby/gems/1.9.1/gems/quiet_assets-1.0.2/lib/quiet_assets.rb:18:in `call_with_quiet_assets'
/home/vagrant/.rbenv/versions/1.9.3-p429/lib/ruby/gems/1.9.1/gems/actionpack-4.0.0.rc1/lib/action_dispatch/middleware/request_id.rb:21:in `call'
/home/vagrant/.rbenv/versions/1.9.3-p429/lib/ruby/gems/1.9.1/gems/rack-1.5.2/lib/rack/methodoverride.rb:21:in `call'
/home/vagrant/.rbenv/versions/1.9.3-p429/lib/ruby/gems/1.9.1/gems/rack-1.5.2/lib/rack/runtime.rb:17:in `call'
/home/vagrant/.rbenv/versions/1.9.3-p429/lib/ruby/gems/1.9.1/gems/activesupport-4.0.0.rc1/lib/active_support/cache/strategy/local_cache.rb:83:in `call'
/home/vagrant/.rbenv/versions/1.9.3-p429/lib/ruby/gems/1.9.1/gems/rack-1.5.2/lib/rack/lock.rb:17:in `call'
/home/vagrant/.rbenv/versions/1.9.3-p429/lib/ruby/gems/1.9.1/gems/actionpack-4.0.0.rc1/lib/action_dispatch/middleware/static.rb:64:in `call'
/home/vagrant/.rbenv/versions/1.9.3-p429/lib/ruby/gems/1.9.1/gems/railties-4.0.0.rc1/lib/rails/engine.rb:511:in `call'
/home/vagrant/.rbenv/versions/1.9.3-p429/lib/ruby/gems/1.9.1/gems/railties-4.0.0.rc1/lib/rails/application.rb:96:in `call'
/home/vagrant/.rbenv/versions/1.9.3-p429/lib/ruby/gems/1.9.1/gems/rack-1.5.2/lib/rack/lock.rb:17:in `call'
/home/vagrant/.rbenv/versions/1.9.3-p429/lib/ruby/gems/1.9.1/gems/rack-1.5.2/lib/rack/content_length.rb:14:in `call'
/home/vagrant/.rbenv/versions/1.9.3-p429/lib/ruby/gems/1.9.1/gems/rack-1.5.2/lib/rack/handler/webrick.rb:60:in `service'
/home/vagrant/.rbenv/versions/1.9.3-p429/lib/ruby/1.9.1/webrick/httpserver.rb:138:in `service'
/home/vagrant/.rbenv/versions/1.9.3-p429/lib/ruby/1.9.1/webrick/httpserver.rb:94:in `run'
/home/vagrant/.rbenv/versions/1.9.3-p429/lib/ruby/1.9.1/webrick/server.rb:191:in `block in start_thread'
  Rendered cover/home.html.erb within layouts/application (14.0ms)
Completed 500 Internal Server Error in 182ms

ActionView::Template::Error (/vagrant/lifestor/app/views/cover/home.html.erb:1: syntax error, unexpected ',', expecting ')'
...ffer.append=( link_to ('Login', new_user_session_path) );@ou...
...                               ^):
    1:     <li><%= link_to ('Login', new_user_session_path) %> </li>
    2: 
    3: <h1>Welcome to Lifestor</h1>
    4: 
  actionpack (4.0.0.rc1) lib/action_view/template.rb:299:in `module_eval'
  actionpack (4.0.0.rc1) lib/action_view/template.rb:299:in `compile'
  actionpack (4.0.0.rc1) lib/action_view/template.rb:248:in `block in compile!'
  <internal:prelude>:10:in `synchronize'
  actionpack (4.0.0.rc1) lib/action_view/template.rb:236:in `compile!'
  actionpack (4.0.0.rc1) lib/action_view/template.rb:142:in `block in render'
  activesupport (4.0.0.rc1) lib/active_support/notifications.rb:161:in `instrument'
  actionpack (4.0.0.rc1) lib/action_view/template.rb:141:in `render'
  actionpack (4.0.0.rc1) lib/action_view/renderer/template_renderer.rb:49:in `block (2 levels) in render_template'
  actionpack (4.0.0.rc1) lib/action_view/renderer/abstract_renderer.rb:38:in `block in instrument'
  activesupport (4.0.0.rc1) lib/active_support/notifications.rb:159:in `block in instrument'
  activesupport (4.0.0.rc1) lib/active_support/notifications/instrumenter.rb:20:in `instrument'
  activesupport (4.0.0.rc1) lib/active_support/notifications.rb:159:in `instrument'
  actionpack (4.0.0.rc1) lib/action_view/renderer/abstract_renderer.rb:38:in `instrument'
  actionpack (4.0.0.rc1) lib/action_view/renderer/template_renderer.rb:48:in `block in render_template'
  actionpack (4.0.0.rc1) lib/action_view/renderer/template_renderer.rb:56:in `render_with_layout'
  actionpack (4.0.0.rc1) lib/action_view/renderer/template_renderer.rb:47:in `render_template'
  actionpack (4.0.0.rc1) lib/action_view/renderer/template_renderer.rb:17:in `render'
  actionpack (4.0.0.rc1) lib/action_view/renderer/renderer.rb:42:in `render_template'
  actionpack (4.0.0.rc1) lib/action_view/renderer/renderer.rb:23:in `render'
  actionpack (4.0.0.rc1) lib/abstract_controller/rendering.rb:127:in `_render_template'
  actionpack (4.0.0.rc1) lib/action_controller/metal/streaming.rb:219:in `_render_template'
  actionpack (4.0.0.rc1) lib/abstract_controller/rendering.rb:120:in `render_to_body'
  actionpack (4.0.0.rc1) lib/action_controller/metal/rendering.rb:33:in `render_to_body'
  actionpack (4.0.0.rc1) lib/action_controller/metal/renderers.rb:26:in `render_to_body'
  actionpack (4.0.0.rc1) lib/abstract_controller/rendering.rb:97:in `render'
  actionpack (4.0.0.rc1) lib/action_controller/metal/rendering.rb:16:in `render'
  actionpack (4.0.0.rc1) lib/action_controller/metal/instrumentation.rb:41:in `block (2 levels) in render'
  activesupport (4.0.0.rc1) lib/active_support/core_ext/benchmark.rb:12:in `block in ms'
  /home/vagrant/.rbenv/versions/1.9.3-p429/lib/ruby/1.9.1/benchmark.rb:295:in `realtime'
  activesupport (4.0.0.rc1) lib/active_support/core_ext/benchmark.rb:12:in `ms'
  actionpack (4.0.0.rc1) lib/action_controller/metal/instrumentation.rb:41:in `block in render'
  actionpack (4.0.0.rc1) lib/action_controller/metal/instrumentation.rb:84:in `cleanup_view_runtime'
  activerecord (4.0.0.rc1) lib/active_record/railties/controller_runtime.rb:25:in `cleanup_view_runtime'
  actionpack (4.0.0.rc1) lib/action_controller/metal/instrumentation.rb:40:in `render'
  actionpack (4.0.0.rc1) lib/action_controller/metal/implicit_render.rb:10:in `default_render'
  actionpack (4.0.0.rc1) lib/action_controller/metal/implicit_render.rb:5:in `send_action'
  actionpack (4.0.0.rc1) lib/abstract_controller/base.rb:189:in `process_action'
  actionpack (4.0.0.rc1) lib/action_controller/metal/rendering.rb:10:in `process_action'
  actionpack (4.0.0.rc1) lib/abstract_controller/callbacks.rb:18:in `block in process_action'
  activesupport (4.0.0.rc1) lib/active_support/callbacks.rb:432:in `_run__704420178__process_action__callbacks'
  activesupport (4.0.0.rc1) lib/active_support/callbacks.rb:80:in `run_callbacks'
  actionpack (4.0.0.rc1) lib/abstract_controller/callbacks.rb:17:in `process_action'
  actionpack (4.0.0.rc1) lib/action_controller/metal/rescue.rb:29:in `process_action'
  actionpack (4.0.0.rc1) lib/action_controller/metal/instrumentation.rb:31:in `block in process_action'
  activesupport (4.0.0.rc1) lib/active_support/notifications.rb:159:in `block in instrument'
  activesupport (4.0.0.rc1) lib/active_support/notifications/instrumenter.rb:20:in `instrument'
  activesupport (4.0.0.rc1) lib/active_support/notifications.rb:159:in `instrument'
  actionpack (4.0.0.rc1) lib/action_controller/metal/instrumentation.rb:30:in `process_action'
  actionpack (4.0.0.rc1) lib/action_controller/metal/params_wrapper.rb:245:in `process_action'
  activerecord (4.0.0.rc1) lib/active_record/railties/controller_runtime.rb:18:in `process_action'
  actionpack (4.0.0.rc1) lib/abstract_controller/base.rb:136:in `process'
  actionpack (4.0.0.rc1) lib/abstract_controller/rendering.rb:44:in `process'
  actionpack (4.0.0.rc1) lib/action_controller/metal.rb:195:in `dispatch'
  actionpack (4.0.0.rc1) lib/action_controller/metal/rack_delegation.rb:13:in `dispatch'
  actionpack (4.0.0.rc1) lib/action_controller/metal.rb:231:in `block in action'
  actionpack (4.0.0.rc1) lib/action_dispatch/routing/route_set.rb:80:in `call'
  actionpack (4.0.0.rc1) lib/action_dispatch/routing/route_set.rb:80:in `dispatch'
  actionpack (4.0.0.rc1) lib/action_dispatch/routing/route_set.rb:48:in `call'
  actionpack (4.0.0.rc1) lib/action_dispatch/journey/router.rb:71:in `block in call'
  actionpack (4.0.0.rc1) lib/action_dispatch/journey/router.rb:59:in `each'
  actionpack (4.0.0.rc1) lib/action_dispatch/journey/router.rb:59:in `call'
  actionpack (4.0.0.rc1) lib/action_dispatch/routing/route_set.rb:654:in `call'
  warden (1.2.1) lib/warden/manager.rb:35:in `block in call'
  warden (1.2.1) lib/warden/manager.rb:34:in `catch'
  warden (1.2.1) lib/warden/manager.rb:34:in `call'
  rack (1.5.2) lib/rack/etag.rb:23:in `call'
  rack (1.5.2) lib/rack/conditionalget.rb:25:in `call'
  rack (1.5.2) lib/rack/head.rb:11:in `call'
  actionpack (4.0.0.rc1) lib/action_dispatch/middleware/params_parser.rb:27:in `call'
  actionpack (4.0.0.rc1) lib/action_dispatch/middleware/flash.rb:241:in `call'
  rack (1.5.2) lib/rack/session/abstract/id.rb:225:in `context'
  rack (1.5.2) lib/rack/session/abstract/id.rb:220:in `call'
  actionpack (4.0.0.rc1) lib/action_dispatch/middleware/cookies.rb:486:in `call'
  activerecord (4.0.0.rc1) lib/active_record/query_cache.rb:36:in `call'
  activerecord (4.0.0.rc1) lib/active_record/connection_adapters/abstract/connection_pool.rb:626:in `call'
  activerecord (4.0.0.rc1) lib/active_record/migration.rb:366:in `call'
  actionpack (4.0.0.rc1) lib/action_dispatch/middleware/callbacks.rb:29:in `block in call'
  activesupport (4.0.0.rc1) lib/active_support/callbacks.rb:392:in `_run__660635615__call__callbacks'
  activesupport (4.0.0.rc1) lib/active_support/callbacks.rb:80:in `run_callbacks'
  actionpack (4.0.0.rc1) lib/action_dispatch/middleware/callbacks.rb:27:in `call'
  actionpack (4.0.0.rc1) lib/action_dispatch/middleware/reloader.rb:64:in `call'
  actionpack (4.0.0.rc1) lib/action_dispatch/middleware/remote_ip.rb:76:in `call'
  better_errors (0.9.0) lib/better_errors/middleware.rb:58:in `call'
  actionpack (4.0.0.rc1) lib/action_dispatch/middleware/debug_exceptions.rb:17:in `call'
  actionpack (4.0.0.rc1) lib/action_dispatch/middleware/show_exceptions.rb:30:in `call'
  railties (4.0.0.rc1) lib/rails/rack/logger.rb:38:in `call_app'
  railties (4.0.0.rc1) lib/rails/rack/logger.rb:21:in `block in call'
  activesupport (4.0.0.rc1) lib/active_support/tagged_logging.rb:67:in `block in tagged'
  activesupport (4.0.0.rc1) lib/active_support/tagged_logging.rb:25:in `tagged'
  activesupport (4.0.0.rc1) lib/active_support/tagged_logging.rb:67:in `tagged'
  railties (4.0.0.rc1) lib/rails/rack/logger.rb:21:in `call'
  quiet_assets (1.0.2) lib/quiet_assets.rb:18:in `call_with_quiet_assets'
  actionpack (4.0.0.rc1) lib/action_dispatch/middleware/request_id.rb:21:in `call'
  rack (1.5.2) lib/rack/methodoverride.rb:21:in `call'
  rack (1.5.2) lib/rack/runtime.rb:17:in `call'
  activesupport (4.0.0.rc1) lib/active_support/cache/strategy/local_cache.rb:83:in `call'
  rack (1.5.2) lib/rack/lock.rb:17:in `call'
  actionpack (4.0.0.rc1) lib/action_dispatch/middleware/static.rb:64:in `call'
  railties (4.0.0.rc1) lib/rails/engine.rb:511:in `call'
  railties (4.0.0.rc1) lib/rails/application.rb:96:in `call'
  rack (1.5.2) lib/rack/lock.rb:17:in `call'
  rack (1.5.2) lib/rack/content_length.rb:14:in `call'
  rack (1.5.2) lib/rack/handler/webrick.rb:60:in `service'
  /home/vagrant/.rbenv/versions/1.9.3-p429/lib/ruby/1.9.1/webrick/httpserver.rb:138:in `service'
  /home/vagrant/.rbenv/versions/1.9.3-p429/lib/ruby/1.9.1/webrick/httpserver.rb:94:in `run'
  /home/vagrant/.rbenv/versions/1.9.3-p429/lib/ruby/1.9.1/webrick/server.rb:191:in `block in start_thread'


  Rendered /home/vagrant/.rbenv/versions/1.9.3-p429/lib/ruby/gems/1.9.1/gems/actionpack-4.0.0.rc1/lib/action_dispatch/middleware/templates/rescues/_trace.erb (3.3ms)
  Rendered /home/vagrant/.rbenv/versions/1.9.3-p429/lib/ruby/gems/1.9.1/gems/actionpack-4.0.0.rc1/lib/action_dispatch/middleware/templates/rescues/_request_and_response.erb (3.9ms)
  Rendered /home/vagrant/.rbenv/versions/1.9.3-p429/lib/ruby/gems/1.9.1/gems/actionpack-4.0.0.rc1/lib/action_dispatch/middleware/templates/rescues/template_error.erb within rescues/layout (42.6ms)


Started GET "/cover/home" for 10.0.2.2 at 2013-07-12 19:01:28 +0000
Processing by CoverController#home as HTML
  [1m[35mUser Load (3.5ms)[0m  SELECT "users".* FROM "users" WHERE "users"."id" = 1 ORDER BY "users"."id" ASC LIMIT 1
  Rendered cover/_oneday.html.erb (0.1ms)
  Rendered cover/home.html.erb within layouts/application (60.5ms)
Completed 200 OK in 356ms (Views: 347.3ms | ActiveRecord: 3.5ms)


Started GET "/cover/home" for 10.0.2.2 at 2013-07-12 19:06:44 +0000
Processing by CoverController#home as HTML
  [1m[36mUser Load (4.4ms)[0m  [1mSELECT "users".* FROM "users" WHERE "users"."id" = 1 ORDER BY "users"."id" ASC LIMIT 1[0m
  Rendered cover/_oneday.html.erb (0.1ms)
  Rendered cover/home.html.erb within layouts/application (57.4ms)
Completed 200 OK in 339ms (Views: 327.7ms | ActiveRecord: 4.4ms)


Started GET "/cover/home" for 10.0.2.2 at 2013-07-12 19:08:03 +0000
Processing by CoverController#home as HTML
  [1m[35mUser Load (3.5ms)[0m  SELECT "users".* FROM "users" WHERE "users"."id" = 1 ORDER BY "users"."id" ASC LIMIT 1
  Rendered cover/_oneday.html.erb (0.1ms)
  Rendered cover/home.html.erb within layouts/application (56.4ms)
Completed 200 OK in 349ms (Views: 340.2ms | ActiveRecord: 3.5ms)


Started GET "/cover/home" for 10.0.2.2 at 2013-07-12 19:08:59 +0000
Processing by CoverController#home as HTML
  [1m[36mUser Load (4.0ms)[0m  [1mSELECT "users".* FROM "users" WHERE "users"."id" = 1 ORDER BY "users"."id" ASC LIMIT 1[0m
  Rendered cover/_oneday.html.erb (0.2ms)
  Rendered cover/home.html.erb within layouts/application (58.2ms)
Completed 200 OK in 344ms (Views: 333.0ms | ActiveRecord: 4.0ms)


Started GET "/cover/home" for 10.0.2.2 at 2013-07-12 19:10:03 +0000
Processing by CoverController#home as HTML
  [1m[35mUser Load (3.1ms)[0m  SELECT "users".* FROM "users" WHERE "users"."id" = 1 ORDER BY "users"."id" ASC LIMIT 1
  Rendered cover/_oneday.html.erb (0.1ms)
  Rendered cover/home.html.erb within layouts/application (57.9ms)
Completed 200 OK in 353ms (Views: 343.9ms | ActiveRecord: 3.1ms)


Started GET "/cover/home" for 10.0.2.2 at 2013-07-12 19:11:34 +0000
Processing by CoverController#home as HTML
  [1m[36mUser Load (3.5ms)[0m  [1mSELECT "users".* FROM "users" WHERE "users"."id" = 1 ORDER BY "users"."id" ASC LIMIT 1[0m
  Rendered cover/_oneday.html.erb (0.8ms)
  Rendered cover/home.html.erb within layouts/application (56.5ms)
Completed 200 OK in 344ms (Views: 335.8ms | ActiveRecord: 3.5ms)
